LOG:  using buffer replacement policy: clock
LOG:  database system was shut down at 2012-12-04 04:20:33 PST
LOG:  database system is ready to accept connections
LOG:  autovacuum launcher started
LOG:  QUERY STATISTICS
DETAIL:  ! system usage stats:
	!	0.760754 elapsed 0.340021 user 0.368023 system sec
	!	[0.340021 user 0.368023 sys total]
	!	64/0 [64/0] filesystem blocks in/out
	!	0/14287 [0/14793] page faults/reclaims, 0 [0] swaps
	!	0 [0] signals rcvd, 0/0 [0/0] messages rcvd/sent
	!	3/25 [4/27] voluntary/involuntary context switches
	! buffer usage stats:
	!	Shared blocks:       3958 read,          0 written, buffer hit rate = 2.61%
	!	Local  blocks:          0 read,          0 written, buffer hit rate = 0.00%
	!	Direct blocks:          0 read,          0 written
STATEMENT:  select num, approx_count(10, 1000, 4) as C from numbers3 group by num order by C desc;
LOG:  QUERY STATISTICS
DETAIL:  ! system usage stats:
	!	1.510061 elapsed 1.416088 user 0.088005 system sec
	!	[1.416088 user 0.088005 sys total]
	!	0/27344 [0/27344] filesystem blocks in/out
	!	0/7765 [0/8275] page faults/reclaims, 0 [0] swaps
	!	0 [0] signals rcvd, 0/0 [0/0] messages rcvd/sent
	!	0/37 [2/39] voluntary/involuntary context switches
	! buffer usage stats:
	!	Shared blocks:       3948 read,          0 written, buffer hit rate = 2.97%
	!	Local  blocks:          0 read,          0 written, buffer hit rate = 0.00%
	!	Direct blocks:       4454 read,       4454 written
STATEMENT:  SELECT num, COUNT(*) AS count FROM numbers3 GROUP BY num ORDER BY count DESC limit 10;
LOG:  QUERY STATISTICS
DETAIL:  ! system usage stats:
	!	1.116107 elapsed 1.056066 user 0.056003 system sec
	!	[1.056066 user 0.056003 sys total]
	!	0/0 [0/0] filesystem blocks in/out
	!	0/14329 [0/14845] page faults/reclaims, 0 [0] swaps
	!	0 [0] signals rcvd, 0/0 [0/0] messages rcvd/sent
	!	0/33 [2/35] voluntary/involuntary context switches
	! buffer usage stats:
	!	Shared blocks:       3950 read,          0 written, buffer hit rate = 2.81%
	!	Local  blocks:          0 read,          0 written, buffer hit rate = 0.00%
	!	Direct blocks:          0 read,          0 written
STATEMENT:  select num, approx_count(20, 1000, 4) as C from numbers3 group by num order by C desc;
LOG:  QUERY STATISTICS
DETAIL:  ! system usage stats:
	!	1.524719 elapsed 1.432089 user 0.084005 system sec
	!	[1.432089 user 0.084005 sys total]
	!	0/27344 [0/27344] filesystem blocks in/out
	!	0/7811 [0/8324] page faults/reclaims, 0 [0] swaps
	!	0 [0] signals rcvd, 0/0 [0/0] messages rcvd/sent
	!	0/41 [2/43] voluntary/involuntary context switches
	! buffer usage stats:
	!	Shared blocks:       3953 read,          0 written, buffer hit rate = 2.85%
	!	Local  blocks:          0 read,          0 written, buffer hit rate = 0.00%
	!	Direct blocks:       4454 read,       4454 written
STATEMENT:  SELECT num, COUNT(*) AS count FROM numbers3 GROUP BY num ORDER BY count DESC limit 20;
LOG:  QUERY STATISTICS
DETAIL:  ! system usage stats:
	!	2.335409 elapsed 2.272142 user 0.048003 system sec
	!	[2.272142 user 0.048003 sys total]
	!	0/0 [0/0] filesystem blocks in/out
	!	0/14332 [0/14848] page faults/reclaims, 0 [0] swaps
	!	0 [0] signals rcvd, 0/0 [0/0] messages rcvd/sent
	!	0/67 [2/70] voluntary/involuntary context switches
	! buffer usage stats:
	!	Shared blocks:       3950 read,          0 written, buffer hit rate = 2.81%
	!	Local  blocks:          0 read,          0 written, buffer hit rate = 0.00%
	!	Direct blocks:          0 read,          0 written
STATEMENT:  select num, approx_count(50, 1000, 4) as C from numbers3 group by num order by C desc;
LOG:  QUERY STATISTICS
DETAIL:  ! system usage stats:
	!	1.524633 elapsed 1.436089 user 0.080005 system sec
	!	[1.436089 user 0.080005 sys total]
	!	0/27344 [0/27344] filesystem blocks in/out
	!	0/7810 [0/8324] page faults/reclaims, 0 [0] swaps
	!	0 [0] signals rcvd, 0/0 [0/0] messages rcvd/sent
	!	0/68 [2/70] voluntary/involuntary context switches
	! buffer usage stats:
	!	Shared blocks:       3953 read,          0 written, buffer hit rate = 2.85%
	!	Local  blocks:          0 read,          0 written, buffer hit rate = 0.00%
	!	Direct blocks:       4454 read,       4454 written
STATEMENT:  SELECT num, COUNT(*) AS count FROM numbers3 GROUP BY num ORDER BY count DESC limit 50;
LOG:  QUERY STATISTICS
DETAIL:  ! system usage stats:
	!	4.131685 elapsed 4.032252 user 0.060003 system sec
	!	[4.032252 user 0.060003 sys total]
	!	0/0 [0/0] filesystem blocks in/out
	!	0/14328 [0/14843] page faults/reclaims, 0 [0] swaps
	!	0 [0] signals rcvd, 0/0 [0/0] messages rcvd/sent
	!	0/182 [2/184] voluntary/involuntary context switches
	! buffer usage stats:
	!	Shared blocks:       3950 read,          0 written, buffer hit rate = 2.81%
	!	Local  blocks:          0 read,          0 written, buffer hit rate = 0.00%
	!	Direct blocks:          0 read,          0 written
STATEMENT:  select num, approx_count(100, 1000, 4) as C from numbers3 group by num order by C desc;
LOG:  QUERY STATISTICS
DETAIL:  ! system usage stats:
	!	1.531049 elapsed 1.436089 user 0.088005 system sec
	!	[1.436089 user 0.088005 sys total]
	!	0/27344 [0/27344] filesystem blocks in/out
	!	0/7800 [0/8314] page faults/reclaims, 0 [0] swaps
	!	0 [0] signals rcvd, 0/0 [0/0] messages rcvd/sent
	!	0/55 [2/57] voluntary/involuntary context switches
	! buffer usage stats:
	!	Shared blocks:       3953 read,          0 written, buffer hit rate = 2.85%
	!	Local  blocks:          0 read,          0 written, buffer hit rate = 0.00%
	!	Direct blocks:       4454 read,       4454 written
STATEMENT:  SELECT num, COUNT(*) AS count FROM numbers3 GROUP BY num ORDER BY count DESC limit 100;
LOG:  received fast shutdown request
LOG:  aborting any active transactions
LOG:  autovacuum launcher shutting down
LOG:  shutting down
LOG:  database system is shut down
